<?xml version="1.0" encoding="UTF-8"?>
<!-- Generated by org.testng.reporters.JUnitReportReporter -->
<testsuite hostname="DESKTOP-C3H4VQE" failures="0" tests="1" name="Tests.CloseThirdWorkthroughPage" time="19.673" errors="0" timestamp="2023-08-28T23:22:10 EET" skipped="0">
  <testcase classname="Tests.CloseThirdWorkthroughPage" name="openApplication" time="19.673"/>
  <system-out/>
</testsuite> <!-- Tests.CloseThirdWorkthroughPage -->
